This is pdfTeX, Version 3.1415926-2.4-1.40.13 (MiKTeX 2.9 64-bit) (preloaded format=pdflatex 2014.3.3)  17 JUN 2014 19:13
entering extended mode
**accv2014submission.tex
(C:\dropbox\Dropbox\Daniel_ECCV\ACCV2014\accv2014submission.tex
LaTeX2e <2011/06/27>
Babel <v3.8m> and hyphenation patterns for english, afrikaans, ancientgreek, ar
abic, armenian, assamese, basque, bengali, bokmal, bulgarian, catalan, coptic, 
croatian, czech, danish, dutch, esperanto, estonian, farsi, finnish, french, ga
lician, german, german-x-2012-05-30, greek, gujarati, hindi, hungarian, iceland
ic, indonesian, interlingua, irish, italian, kannada, kurmanji, latin, latvian,
 lithuanian, malayalam, marathi, mongolian, mongolianlmc, monogreek, ngerman, n
german-x-2012-05-30, nynorsk, oriya, panjabi, pinyin, polish, portuguese, roman
ian, russian, sanskrit, serbian, slovak, slovenian, spanish, swedish, swissgerm
an, tamil, telugu, turkish, turkmen, ukenglish, ukrainian, uppersorbian, usengl
ishmax, welsh, loaded.
(C:\dropbox\Dropbox\Daniel_ECCV\ACCV2014\llncs.cls
Document Class: llncs 2002/01/28 v2.13 
 LaTeX document class for Lecture Notes in Computer Science
("C:\Program Files\MiKTeX 2.9\tex\latex\base\article.cls"
Document Class: article 2007/10/19 v1.4h Standard LaTeX document class
("C:\Program Files\MiKTeX 2.9\tex\latex\base\size10.clo"
File: size10.clo 2007/10/19 v1.4h Standard LaTeX file (size option)
)
\c@part=\count79
\c@section=\count80
\c@subsection=\count81
\c@subsubsection=\count82
\c@paragraph=\count83
\c@subparagraph=\count84
\c@figure=\count85
\c@table=\count86
\abovecaptionskip=\skip41
\belowcaptionskip=\skip42
\bibindent=\dimen102
)
("C:\Program Files\MiKTeX 2.9\tex\latex\tools\multicol.sty"
Package: multicol 2011/06/27 v1.7a multicolumn formatting (FMi)
\c@tracingmulticols=\count87
\mult@box=\box26
\multicol@leftmargin=\dimen103
\c@unbalance=\count88
\c@collectmore=\count89
\doublecol@number=\count90
\multicoltolerance=\count91
\multicolpretolerance=\count92
\full@width=\dimen104
\page@free=\dimen105
\premulticols=\dimen106
\postmulticols=\dimen107
\multicolsep=\skip43
\multicolbaselineskip=\skip44
\partial@page=\box27
\last@line=\box28
\mult@rightbox=\box29
\mult@grightbox=\box30
\mult@gfirstbox=\box31
\mult@firstbox=\box32
\@tempa=\box33
\@tempa=\box34
\@tempa=\box35
\@tempa=\box36
\@tempa=\box37
\@tempa=\box38
\@tempa=\box39
\@tempa=\box40
\@tempa=\box41
\@tempa=\box42
\@tempa=\box43
\@tempa=\box44
\@tempa=\box45
\@tempa=\box46
\@tempa=\box47
\@tempa=\box48
\@tempa=\box49
\c@columnbadness=\count93
\c@finalcolumnbadness=\count94
\last@try=\dimen108
\multicolovershoot=\dimen109
\multicolundershoot=\dimen110
\mult@nat@firstbox=\box50
\colbreak@box=\box51
\multicol@sort@counter=\count95
)
\c@chapter=\count96
LaTeX Font Info:    Redeclaring math symbol \Gamma on input line 360.
LaTeX Font Info:    Redeclaring math symbol \Delta on input line 361.
LaTeX Font Info:    Redeclaring math symbol \Theta on input line 362.
LaTeX Font Info:    Redeclaring math symbol \Lambda on input line 363.
LaTeX Font Info:    Redeclaring math symbol \Xi on input line 364.
LaTeX Font Info:    Redeclaring math symbol \Pi on input line 365.
LaTeX Font Info:    Redeclaring math symbol \Sigma on input line 366.
LaTeX Font Info:    Redeclaring math symbol \Upsilon on input line 367.
LaTeX Font Info:    Redeclaring math symbol \Phi on input line 368.
LaTeX Font Info:    Redeclaring math symbol \Psi on input line 369.
LaTeX Font Info:    Redeclaring math symbol \Omega on input line 370.
\tocchpnum=\dimen111
\tocsecnum=\dimen112
\tocsectotal=\dimen113
\tocsubsecnum=\dimen114
\tocsubsectotal=\dimen115
\tocsubsubsecnum=\dimen116
\tocsubsubsectotal=\dimen117
\tocparanum=\dimen118
\tocparatotal=\dimen119
\tocsubparanum=\dimen120
\@tempcntc=\count97
\fnindent=\dimen121
\c@@inst=\count98
\c@@auth=\count99
\c@auco=\count100
\instindent=\dimen122
\authrun=\box52
\authorrunning=\toks14
\tocauthor=\toks15
\titrun=\box53
\titlerunning=\toks16
\toctitle=\toks17
\c@theorem=\count101
\c@case=\count102
\c@conjecture=\count103
\c@corollary=\count104
\c@definition=\count105
\c@example=\count106
\c@exercise=\count107
\c@lemma=\count108
\c@note=\count109
\c@problem=\count110
\c@property=\count111
\c@proposition=\count112
\c@question=\count113
\c@solution=\count114
\c@remark=\count115
\headlineindent=\dimen123
)
("C:\Program Files\MiKTeX 2.9\tex\latex\graphics\graphicx.sty"
Package: graphicx 1999/02/16 v1.0f Enhanced LaTeX Graphics (DPC,SPQR)

("C:\Program Files\MiKTeX 2.9\tex\latex\graphics\keyval.sty"
Package: keyval 1999/03/16 v1.13 key=value parser (DPC)
\KV@toks@=\toks18
)
("C:\Program Files\MiKTeX 2.9\tex\latex\graphics\graphics.sty"
Package: graphics 2009/02/05 v1.0o Standard LaTeX Graphics (DPC,SPQR)

("C:\Program Files\MiKTeX 2.9\tex\latex\graphics\trig.sty"
Package: trig 1999/03/16 v1.09 sin cos tan (DPC)
)
("C:\Program Files\MiKTeX 2.9\tex\latex\00miktex\graphics.cfg"
File: graphics.cfg 2007/01/18 v1.5 graphics configuration of teTeX/TeXLive
)
Package graphics Info: Driver file: pdftex.def on input line 91.

("C:\Program Files\MiKTeX 2.9\tex\latex\pdftex-def\pdftex.def"
File: pdftex.def 2011/05/27 v0.06d Graphics/color for pdfTeX

("C:\Program Files\MiKTeX 2.9\tex\generic\oberdiek\infwarerr.sty"
Package: infwarerr 2010/04/08 v1.3 Providing info/warning/error messages (HO)
)
("C:\Program Files\MiKTeX 2.9\tex\generic\oberdiek\ltxcmds.sty"
Package: ltxcmds 2011/11/09 v1.22 LaTeX kernel commands for general use (HO)
)
\Gread@gobject=\count116
))
\Gin@req@height=\dimen124
\Gin@req@width=\dimen125
)
("C:\Program Files\MiKTeX 2.9\tex\latex\ams\math\amsmath.sty"
Package: amsmath 2000/07/18 v2.13 AMS math features
\@mathmargin=\skip45

For additional information on amsmath, use the `?' option.
("C:\Program Files\MiKTeX 2.9\tex\latex\ams\math\amstext.sty"
Package: amstext 2000/06/29 v2.01

("C:\Program Files\MiKTeX 2.9\tex\latex\ams\math\amsgen.sty"
File: amsgen.sty 1999/11/30 v2.0
\@emptytoks=\toks19
\ex@=\dimen126
))
("C:\Program Files\MiKTeX 2.9\tex\latex\ams\math\amsbsy.sty"
Package: amsbsy 1999/11/29 v1.2d
\pmbraise@=\dimen127
)
("C:\Program Files\MiKTeX 2.9\tex\latex\ams\math\amsopn.sty"
Package: amsopn 1999/12/14 v2.01 operator names
)
\inf@bad=\count117
LaTeX Info: Redefining \frac on input line 211.
\uproot@=\count118
\leftroot@=\count119
LaTeX Info: Redefining \overline on input line 307.
\classnum@=\count120
\DOTSCASE@=\count121
LaTeX Info: Redefining \ldots on input line 379.
LaTeX Info: Redefining \dots on input line 382.
LaTeX Info: Redefining \cdots on input line 467.
\Mathstrutbox@=\box54
\strutbox@=\box55
\big@size=\dimen128
LaTeX Font Info:    Redeclaring font encoding OML on input line 567.
LaTeX Font Info:    Redeclaring font encoding OMS on input line 568.


Package amsmath Warning: Unable to redefine math accent \vec.

\macc@depth=\count122
\c@MaxMatrixCols=\count123
\dotsspace@=\muskip10
\c@parentequation=\count124
\dspbrk@lvl=\count125
\tag@help=\toks20
\row@=\count126
\column@=\count127
\maxfields@=\count128
\andhelp@=\toks21
\eqnshift@=\dimen129
\alignsep@=\dimen130
\tagshift@=\dimen131
\tagwidth@=\dimen132
\totwidth@=\dimen133
\lineht@=\dimen134
\@envbody=\toks22
\multlinegap=\skip46
\multlinetaggap=\skip47
\mathdisplay@stack=\toks23
LaTeX Info: Redefining \[ on input line 2666.
LaTeX Info: Redefining \] on input line 2667.
) ("C:\Program Files\MiKTeX 2.9\tex\latex\amsfonts\amssymb.sty"
Package: amssymb 2009/06/22 v3.00

("C:\Program Files\MiKTeX 2.9\tex\latex\amsfonts\amsfonts.sty"
Package: amsfonts 2009/06/22 v3.00 Basic AMSFonts support
\symAMSa=\mathgroup4
\symAMSb=\mathgroup5
LaTeX Font Info:    Overwriting math alphabet `\mathfrak' in version `bold'
(Font)                  U/euf/m/n --> U/euf/b/n on input line 96.
))
(C:\dropbox\Dropbox\Daniel_ECCV\ACCV2014\ruler.sty
Package: ruler 

(C:\dropbox\Dropbox\Daniel_ECCV\ACCV2014\eso-pic.sty
Package: eso-pic 2002/11/16 v1.1b eso-pic (RN)

(C:\dropbox\Dropbox\Daniel_ECCV\ACCV2014\cvpr_eso.sty

LaTeX Warning: You have requested package `eso-pic',
               but the package provides `cvpr_eso'.

Package: cvpr_eso 2011/12/13 v1.00 CVPR ESO based on everyshi
))
\cvprrulerbox=\box56
\cvprrulercount=\count129
\cvprrulercounttmp=\count130
\cvprruleroffset=\dimen135
\cv@lineheight=\dimen136
\cv@boxheight=\dimen137
\cv@tmpbox=\box57
\cv@refno=\count131
\cv@tot=\count132
\cv@tmpc@=\count133
\cv@tmpc=\count134
) ("C:\Program Files\MiKTeX 2.9\tex\latex\graphics\color.sty"
Package: color 2005/11/14 v1.0j Standard LaTeX Color (DPC)

("C:\Program Files\MiKTeX 2.9\tex\latex\00miktex\color.cfg"
File: color.cfg 2007/01/18 v1.5 color configuration of teTeX/TeXLive
)
Package color Info: Driver file: pdftex.def on input line 130.
)
("C:\Program Files\MiKTeX 2.9\tex\latex\oberdiek\epstopdf.sty"
Package: epstopdf 2010/02/09 v2.5 Conversion with epstopdf on the fly (HO)

("C:\Program Files\MiKTeX 2.9\tex\latex\oberdiek\epstopdf-base.sty"
Package: epstopdf-base 2010/02/09 v2.5 Base part for package epstopdf

("C:\Program Files\MiKTeX 2.9\tex\latex\oberdiek\grfext.sty"
Package: grfext 2010/08/19 v1.1 Manage graphics extensions (HO)

("C:\Program Files\MiKTeX 2.9\tex\generic\oberdiek\kvdefinekeys.sty"
Package: kvdefinekeys 2011/04/07 v1.3 Define keys (HO)
))
("C:\Program Files\MiKTeX 2.9\tex\latex\oberdiek\kvoptions.sty"
Package: kvoptions 2011/06/30 v3.11 Key value format for package options (HO)

("C:\Program Files\MiKTeX 2.9\tex\generic\oberdiek\kvsetkeys.sty"
Package: kvsetkeys 2012/04/25 v1.16 Key value parser (HO)

("C:\Program Files\MiKTeX 2.9\tex\generic\oberdiek\etexcmds.sty"
Package: etexcmds 2011/02/16 v1.5 Avoid name clashes with e-TeX commands (HO)

("C:\Program Files\MiKTeX 2.9\tex\generic\oberdiek\ifluatex.sty"
Package: ifluatex 2010/03/01 v1.3 Provides the ifluatex switch (HO)
Package ifluatex Info: LuaTeX not detected.
)
Package etexcmds Info: Could not find \expanded.
(etexcmds)             That can mean that you are not using pdfTeX 1.50 or
(etexcmds)             that some package has redefined \expanded.
(etexcmds)             In the latter case, load this package earlier.
)))
("C:\Program Files\MiKTeX 2.9\tex\generic\oberdiek\pdftexcmds.sty"
Package: pdftexcmds 2011/11/29 v0.20 Utility functions of pdfTeX for LuaTeX (HO
)

("C:\Program Files\MiKTeX 2.9\tex\generic\oberdiek\ifpdf.sty"
Package: ifpdf 2011/01/30 v2.3 Provides the ifpdf switch (HO)
Package ifpdf Info: pdfTeX in PDF mode is detected.
)
Package pdftexcmds Info: LuaTeX not detected.
Package pdftexcmds Info: \pdf@primitive is available.
Package pdftexcmds Info: \pdf@ifprimitive is available.
Package pdftexcmds Info: \pdfdraftmode found.
)
Package grfext Info: Graphics extension search list:
(grfext)             [.png,.pdf,.jpg,.mps,.jpeg,.jbig2,.jb2,.PNG,.PDF,.JPG,.JPE
G,.JBIG2,.JB2,.eps]
(grfext)             \AppendGraphicsExtensions on input line 452.
))
("C:\Program Files\MiKTeX 2.9\tex\latex\psnfss\times.sty"
Package: times 2005/04/12 PSNFSS-v9.2a (SPQR) 
)
("C:\Program Files\MiKTeX 2.9\tex\latex\graphics\epsfig.sty"
Package: epsfig 1999/02/16 v1.7a (e)psfig emulation (SPQR)
\epsfxsize=\dimen138
\epsfysize=\dimen139
)
("C:\Program Files\MiKTeX 2.9\tex\latex\ltxmisc\url.sty"
\Urlmuskip=\muskip11
Package: url 2006/04/12  ver 3.3  Verb mode for urls, etc.
)
("C:\Program Files\MiKTeX 2.9\tex\latex\tools\bm.sty"
Package: bm 2004/02/26 v1.1c Bold Symbol Support (DPC/FMi)
\symboldoperators=\mathgroup6
\symboldletters=\mathgroup7
\symboldsymbols=\mathgroup8
LaTeX Font Info:    Redeclaring math alphabet \mathbf on input line 138.
LaTeX Info: Redefining \bm on input line 204.
)
(C:\dropbox\Dropbox\Daniel_ECCV\ACCV2014\accv2014submission.aux)
LaTeX Font Info:    Checking defaults for OML/cmm/m/it on input line 20.
LaTeX Font Info:    ... okay on input line 20.
LaTeX Font Info:    Checking defaults for T1/cmr/m/n on input line 20.
LaTeX Font Info:    ... okay on input line 20.
LaTeX Font Info:    Checking defaults for OT1/cmr/m/n on input line 20.
LaTeX Font Info:    ... okay on input line 20.
LaTeX Font Info:    Checking defaults for OMS/cmsy/m/n on input line 20.
LaTeX Font Info:    ... okay on input line 20.
LaTeX Font Info:    Checking defaults for OMX/cmex/m/n on input line 20.
LaTeX Font Info:    ... okay on input line 20.
LaTeX Font Info:    Checking defaults for U/cmr/m/n on input line 20.
LaTeX Font Info:    ... okay on input line 20.
LaTeX Font Info:    Try loading font information for OT1+ptm on input line 20.

("C:\Program Files\MiKTeX 2.9\tex\latex\psnfss\ot1ptm.fd"
File: ot1ptm.fd 2001/06/04 font definitions for OT1/ptm.
)
("C:\Program Files\MiKTeX 2.9\tex\context\base\supp-pdf.mkii"
[Loading MPS to PDF converter (version 2006.09.02).]
\scratchcounter=\count135
\scratchdimen=\dimen140
\scratchbox=\box58
\nofMPsegments=\count136
\nofMParguments=\count137
\everyMPshowfont=\toks24
\MPscratchCnt=\count138
\MPscratchDim=\dimen141
\MPnumerator=\count139
\makeMPintoPDFobject=\count140
\everyMPtoPDFconversion=\toks25
) ABD: EveryShipout initializing macros
LaTeX Font Info:    Font shape `OT1/ptm/bx/n' in size <14.4> not available
(Font)              Font shape `OT1/ptm/b/n' tried instead on input line 34.
LaTeX Font Info:    Try loading font information for U+msa on input line 34.

("C:\Program Files\MiKTeX 2.9\tex\latex\amsfonts\umsa.fd"
File: umsa.fd 2009/06/22 v3.00 AMS symbols A
)
LaTeX Font Info:    Try loading font information for U+msb on input line 34.

("C:\Program Files\MiKTeX 2.9\tex\latex\amsfonts\umsb.fd"
File: umsb.fd 2009/06/22 v3.00 AMS symbols B
)
LaTeX Font Info:    Font shape `OT1/ptm/bx/n' in size <9> not available
(Font)              Font shape `OT1/ptm/b/n' tried instead on input line 37.
LaTeX Font Info:    Font shape `OT1/ptm/bx/n' in size <12> not available
(Font)              Font shape `OT1/ptm/b/n' tried instead on input line 43.
LaTeX Font Info:    Try loading font information for OT1+phv on input line 50.

("C:\Program Files\MiKTeX 2.9\tex\latex\psnfss\ot1phv.fd"
File: ot1phv.fd 2001/06/04 scalable font definitions for OT1/phv.
)
LaTeX Font Info:    Font shape `OT1/ptm/bx/n' in size <10> not available
(Font)              Font shape `OT1/ptm/b/n' tried instead on input line 50.
 [1{C:/ProgramData/MiKTeX/2.9/pdftex/config/pdftex.map}


]
Overfull \hbox (2.73285pt too wide) in paragraph at lines 51--52
[]\OT1/ptm/m/n/10 The com-pu-ta-tional pho-tog-ra-phy prob-lems in-clude ra-dio
-met-ric self-calibration across
 []

[2]

LaTeX Warning: Citation `lalonde' on page 3 undefined on input line 116.

[3]
Package epstopdf Info: Source file: <figures/sun_moon.eps>
(epstopdf)                    date: 2014-03-08 00:47:21
(epstopdf)                    size: 5731777 bytes
(epstopdf)             Output file: <figures/sun_moon-eps-converted-to.pdf>
(epstopdf)                    date: 2014-06-17 18:20:34
(epstopdf)                    size: 88569 bytes
(epstopdf)             Command: <epstopdf --outfile=figures/sun_moon-eps-conver
ted-to.pdf figures/sun_moon.eps>
(epstopdf)             \includegraphics on input line 135.
Package epstopdf Info: Output file is already uptodate.
 <figures/sun_moon-eps-converted-to.pdf, id=21, 372.39125pt x 135.50626pt>
File: figures/sun_moon-eps-converted-to.pdf Graphic file (type pdf)

<use figures/sun_moon-eps-converted-to.pdf>
Package pdftex.def Info: figures/sun_moon-eps-converted-to.pdf used on input li
ne 135.
(pdftex.def)             Requested size: 242.98541pt x 88.42123pt.
Package epstopdf Info: Source file: <figures/system.eps>
(epstopdf)                    date: 2014-03-07 16:07:56
(epstopdf)                    size: 3818315 bytes
(epstopdf)             Output file: <figures/system-eps-converted-to.pdf>
(epstopdf)                    date: 2014-03-07 19:08:45
(epstopdf)                    size: 106566 bytes
(epstopdf)             Command: <epstopdf --outfile=figures/system-eps-converte
d-to.pdf figures/system.eps>
(epstopdf)             \includegraphics on input line 162.
Package epstopdf Info: Output file is already uptodate.

<figures/system-eps-converted-to.pdf, id=22, 660.4675pt x 239.89626pt>
File: figures/system-eps-converted-to.pdf Graphic file (type pdf)

<use figures/system-eps-converted-to.pdf>
Package pdftex.def Info: figures/system-eps-converted-to.pdf used on input line
 162.
(pdftex.def)             Requested size: 208.27623pt x 75.6519pt.
Package epstopdf Info: Source file: <figures/scene_d.eps>
(epstopdf)                    date: 2014-03-07 23:43:43
(epstopdf)                    size: 3777812 bytes
(epstopdf)             Output file: <figures/scene_d-eps-converted-to.pdf>
(epstopdf)                    date: 2014-03-08 00:04:21
(epstopdf)                    size: 227785 bytes
(epstopdf)             Command: <epstopdf --outfile=figures/scene_d-eps-convert
ed-to.pdf figures/scene_d.eps>
(epstopdf)             \includegraphics on input line 172.
Package epstopdf Info: Output file is already uptodate.

<figures/scene_d-eps-converted-to.pdf, id=23, 680.5425pt x 359.3425pt>
File: figures/scene_d-eps-converted-to.pdf Graphic file (type pdf)

<use figures/scene_d-eps-converted-to.pdf>
Package pdftex.def Info: figures/scene_d-eps-converted-to.pdf used on input lin
e 172.
(pdftex.def)             Requested size: 347.12354pt x 183.28966pt.
 [4 <C:/dropbox/Dropbox/Daniel_ECCV/ACCV2014/figures/sun_moon-eps-converted-to.
pdf>]
LaTeX Font Info:    Try loading font information for OT1+pcr on input line 196.


("C:\Program Files\MiKTeX 2.9\tex\latex\psnfss\ot1pcr.fd"
File: ot1pcr.fd 2001/06/04 font definitions for OT1/pcr.
)
Package epstopdf Info: Source file: <figures/bias1a.eps>
(epstopdf)                    date: 2014-03-06 04:15:35
(epstopdf)                    size: 1627382 bytes
(epstopdf)             Output file: <figures/bias1a-eps-converted-to.pdf>
(epstopdf)                    date: 2014-03-07 19:08:52
(epstopdf)                    size: 96918 bytes
(epstopdf)             Command: <epstopdf --outfile=figures/bias1a-eps-converte
d-to.pdf figures/bias1a.eps>
(epstopdf)             \includegraphics on input line 206.
Package epstopdf Info: Output file is already uptodate.

<figures/bias1a-eps-converted-to.pdf, id=48, 350.30875pt x 347.2975pt>
File: figures/bias1a-eps-converted-to.pdf Graphic file (type pdf)

<use figures/bias1a-eps-converted-to.pdf>
Package pdftex.def Info: figures/bias1a-eps-converted-to.pdf used on input line
 206.
(pdftex.def)             Requested size: 173.56177pt x 172.07442pt.
 [5 <C:/dropbox/Dropbox/Daniel_ECCV/ACCV2014/figures/system-eps-converted-to.pd
f>] [6 <C:/dropbox/Dropbox/Daniel_ECCV/ACCV2014/figures/scene_d-eps-converted-t
o.pdf> <C:/dropbox/Dropbox/Daniel_ECCV/ACCV2014/figures/bias1a-eps-converted-to
.pdf>]
Package epstopdf Info: Source file: <figures/Background.eps>
(epstopdf)                    date: 2014-03-07 05:03:23
(epstopdf)                    size: 1161430 bytes
(epstopdf)             Output file: <figures/Background-eps-converted-to.pdf>
(epstopdf)                    date: 2014-03-07 19:08:53
(epstopdf)                    size: 27593 bytes
(epstopdf)             Command: <epstopdf --outfile=figures/Background-eps-conv
erted-to.pdf figures/Background.eps>
(epstopdf)             \includegraphics on input line 256.
Package epstopdf Info: Output file is already uptodate.

<figures/Background-eps-converted-to.pdf, id=161, 310.15875pt x 165.61874pt>
File: figures/Background-eps-converted-to.pdf Graphic file (type pdf)

<use figures/Background-eps-converted-to.pdf>
Package pdftex.def Info: figures/Background-eps-converted-to.pdf used on input 
line 256.
(pdftex.def)             Requested size: 173.56177pt x 92.67763pt.
Package epstopdf Info: Source file: <figures/sun_blocks.eps>
(epstopdf)                    date: 2014-03-06 23:37:15
(epstopdf)                    size: 491587 bytes
(epstopdf)             Output file: <figures/sun_blocks-eps-converted-to.pdf>
(epstopdf)                    date: 2014-03-07 19:08:54
(epstopdf)                    size: 35248 bytes
(epstopdf)             Command: <epstopdf --outfile=figures/sun_blocks-eps-conv
erted-to.pdf figures/sun_blocks.eps>
(epstopdf)             \includegraphics on input line 273.
Package epstopdf Info: Output file is already uptodate.

<figures/sun_blocks-eps-converted-to.pdf, id=162, 358.33875pt x 141.52875pt>
File: figures/sun_blocks-eps-converted-to.pdf Graphic file (type pdf)

<use figures/sun_blocks-eps-converted-to.pdf>
Package pdftex.def Info: figures/sun_blocks-eps-converted-to.pdf used on input 
line 273.
(pdftex.def)             Requested size: 277.69987pt x 109.68579pt.
 [7]

LaTeX Warning: Citation `Kutulakos2000' on page 8 undefined on input line 294.

[8 <C:/dropbox/Dropbox/Daniel_ECCV/ACCV2014/figures/Background-eps-converted-to
.pdf> <C:/dropbox/Dropbox/Daniel_ECCV/ACCV2014/figures/sun_blocks-eps-converted
-to.pdf>]
Overfull \hbox (1.85277pt too wide) in paragraph at lines 296--299
[]\OT1/ptm/m/n/10 We first de-scribe (\OT1/pcr/m/n/10 B\OT1/ptm/m/n/10 ). The s
et of all sam-pled light-field rays is $\OMS/cmsy/m/n/10 R$\OT1/ptm/m/n/10 , wh
ere [].
 []


LaTeX Warning: Citation `Kutulakos2000' on page 9 undefined on input line 307.


LaTeX Warning: Citation `Kutulakos2000' on page 9 undefined on input line 317.


LaTeX Warning: Citation `Yamashita2004' on page 9 undefined on input line 325.

[9]
Package epstopdf Info: Source file: <figures/clouds_reconstructions.eps>
(epstopdf)                    date: 2014-03-07 05:16:17
(epstopdf)                    size: 3901394 bytes
(epstopdf)             Output file: <figures/clouds_reconstructions-eps-convert
ed-to.pdf>
(epstopdf)                    date: 2014-03-07 19:08:57
(epstopdf)                    size: 124586 bytes
(epstopdf)             Command: <epstopdf --outfile=figures/clouds_reconstructi
ons-eps-converted-to.pdf figures/clouds_reconstructions.eps>
(epstopdf)             \includegraphics on input line 364.
Package epstopdf Info: Output file is already uptodate.

<figures/clouds_reconstructions-eps-converted-to.pdf, id=210, 366.36874pt x 325
.215pt>
File: figures/clouds_reconstructions-eps-converted-to.pdf Graphic file (type pd
f)
 <use figures/clouds_reconstructions-eps-converted-to.pdf>
Package pdftex.def Info: figures/clouds_reconstructions-eps-converted-to.pdf us
ed on input line 364.
(pdftex.def)             Requested size: 347.12354pt x 308.14859pt.


LaTeX Warning: Citation `Levoy1990' on page 10 undefined on input line 373.

Package epstopdf Info: Source file: <figures/altos.eps>
(epstopdf)                    date: 2014-03-07 23:42:57
(epstopdf)                    size: 2113398 bytes
(epstopdf)             Output file: <figures/altos-eps-converted-to.pdf>
(epstopdf)                    date: 2014-03-08 00:00:11
(epstopdf)                    size: 90093 bytes
(epstopdf)             Command: <epstopdf --outfile=figures/altos-eps-converted
-to.pdf figures/altos.eps>
(epstopdf)             \includegraphics on input line 402.
Package epstopdf Info: Output file is already uptodate.
<figures/altos-eps-converted-to.pdf, id=211, 366.36874pt x 226.8475pt>
File: figures/altos-eps-converted-to.pdf Graphic file (type pdf)

<use figures/altos-eps-converted-to.pdf>
Package pdftex.def Info: figures/altos-eps-converted-to.pdf used on input line 
402.
(pdftex.def)             Requested size: 347.12354pt x 214.94315pt.
 [10]
Underfull \vbox (badness 1708) has occurred while \output is active []

 [11 <C:/dropbox/Dropbox/Daniel_ECCV/ACCV2014/figures/clouds_reconstructions-ep
s-converted-to.pdf>]

LaTeX Warning: Citation `Holben1998' on page 12 undefined on input line 426.

(C:\dropbox\Dropbox\Daniel_ECCV\ACCV2014\accv2014submission.bbl [12 <C:/dropbox
/Dropbox/Daniel_ECCV/ACCV2014/figures/altos-eps-converted-to.pdf>]
Missing character: There is no â in font ptmr7t!
Missing character: There is no € in font ptmr7t!
Missing character: There is no ” in font ptmr7t!
 [13])
[14] (C:\dropbox\Dropbox\Daniel_ECCV\ACCV2014\accv2014submission.aux) ) 
Here is how much of TeX's memory you used:
 3361 strings out of 493921
 44599 string characters out of 3147259
 113898 words of memory out of 3000000
 6545 multiletter control sequences out of 15000+200000
 36065 words of font info for 79 fonts, out of 3000000 for 9000
 841 hyphenation exceptions out of 8191
 42i,10n,25p,1282b,372s stack positions out of 5000i,500n,10000p,200000b,50000s
{C:/Prog
ram Files/MiKTeX 2.9/fonts/enc/dvips/fontname/8r.enc}<C:/Program Files/MiKTeX 2
.9/fonts/type1/public/amsfonts/cm/cmbx10.pfb><C:/Program Files/MiKTeX 2.9/fonts
/type1/public/amsfonts/cm/cmbx7.pfb><C:/Program Files/MiKTeX 2.9/fonts/type1/pu
blic/amsfonts/cm/cmbx9.pfb><C:/Program Files/MiKTeX 2.9/fonts/type1/public/amsf
onts/cm/cmex10.pfb><C:/Program Files/MiKTeX 2.9/fonts/type1/public/amsfonts/cm/
cmmi10.pfb><C:/Program Files/MiKTeX 2.9/fonts/type1/public/amsfonts/cm/cmmi5.pf
b><C:/Program Files/MiKTeX 2.9/fonts/type1/public/amsfonts/cm/cmmi6.pfb><C:/Pro
gram Files/MiKTeX 2.9/fonts/type1/public/amsfonts/cm/cmmi7.pfb><C:/Program File
s/MiKTeX 2.9/fonts/type1/public/amsfonts/cm/cmmi9.pfb><C:/Program Files/MiKTeX 
2.9/fonts/type1/public/amsfonts/cm/cmmib10.pfb><C:/Program Files/MiKTeX 2.9/fon
ts/type1/public/amsfonts/cmextra/cmmib9.pfb><C:/Program Files/MiKTeX 2.9/fonts/
type1/public/amsfonts/cm/cmr10.pfb><C:/Program Files/MiKTeX 2.9/fonts/type1/pub
lic/amsfonts/cm/cmr5.pfb><C:/Program Files/MiKTeX 2.9/fonts/type1/public/amsfon
ts/cm/cmr6.pfb><C:/Program Files/MiKTeX 2.9/fonts/type1/public/amsfonts/cm/cmr7
.pfb><C:/Program Files/MiKTeX 2.9/fonts/type1/public/amsfonts/cm/cmr9.pfb><C:/P
rogram Files/MiKTeX 2.9/fonts/type1/public/amsfonts/cm/cmsy10.pfb><C:/Program F
iles/MiKTeX 2.9/fonts/type1/public/amsfonts/cm/cmsy5.pfb><C:/Program Files/MiKT
eX 2.9/fonts/type1/public/amsfonts/cm/cmsy6.pfb><C:/Program Files/MiKTeX 2.9/fo
nts/type1/public/amsfonts/cm/cmsy7.pfb><C:/Program Files/MiKTeX 2.9/fonts/type1
/public/amsfonts/cm/cmsy9.pfb><C:/Program Files/MiKTeX 2.9/fonts/type1/urw/cour
ier/ucrr8a.pfb><C:/Program Files/MiKTeX 2.9/fonts/type1/urw/helvetic/uhvr8a.pfb
><C:/Program Files/MiKTeX 2.9/fonts/type1/urw/times/utmb8a.pfb><C:/Program File
s/MiKTeX 2.9/fonts/type1/urw/times/utmr8a.pfb><C:/Program Files/MiKTeX 2.9/font
s/type1/urw/times/utmri8a.pfb>
Output written on accv2014submission.pdf (14 pages, 1096242 bytes).
PDF statistics:
 315 PDF objects out of 1000 (max. 8388607)
 0 named destinations out of 1000 (max. 500000)
 41 words of extra memory for PDF output out of 10000 (max. 10000000)

